<?xml version="1.0" encoding="UTF-8"?>
<!-- Generated by org.testng.reporters.JUnitXMLReporter -->
<testsuite ignored="0" hostname="LAPTOP-G1063ECB" failures="0" tests="5" name="Test" time="54.396" errors="0" timestamp="2026-03-26T21:29:57 IST">
  <testcase classname="com.Tests.DashboardTests" name="dashboardTest" time="1.329"/>
  <testcase classname="com.Tests.DashboardTests" name="dashboardTest" time="5.705"/>
  <testcase classname="com.Tests.LoginTests" name="loginTest" time="3.399"/>
  <testcase classname="com.Tests.LoginTests" name="loginTest" time="4.363"/>
  <testcase classname="com.Tests.LoginTests" name="verifyLoginPage" time="0.742"/>
</testsuite> <!-- Test -->
