<?xml version="1.0" encoding="UTF-8"?>
<testng-results ignored="0" total="5" passed="5" failed="0" skipped="0">
  <reporter-output>
  </reporter-output>
  <suite started-at="2026-03-26T21:29:03 IST" name="Suite" finished-at="2026-03-26T21:29:57 IST" duration-ms="54396">
    <groups>
    </groups>
    <test started-at="2026-03-26T21:29:03 IST" name="Test" finished-at="2026-03-26T21:29:57 IST" duration-ms="54396">
      <class name="com.Tests.LoginTests">
        <test-method is-config="true" signature="setup()[pri:0, instance:com.Tests.LoginTests@72057ecf]" started-at="2026-03-26T21:29:32 IST" name="setup" finished-at="2026-03-26T21:29:43 IST" duration-ms="10474" status="PASS">
          <reporter-output>
          </reporter-output>
        </test-method> <!-- setup -->
        <test-method is-config="true" signature="setup()[pri:0, instance:com.Tests.LoginTests@72057ecf]" started-at="2026-03-26T21:29:32 IST" name="setup" finished-at="2026-03-26T21:29:43 IST" duration-ms="10984" status="PASS">
          <reporter-output>
          </reporter-output>
        </test-method> <!-- setup -->
        <test-method signature="loginTest(java.lang.String,java.lang.String)[pri:0, instance:com.Tests.LoginTests@72057ecf]" started-at="2026-03-26T21:29:43 IST" name="loginTest" description="Login Test with multiple credentials from Excel" data-provider="excelData" finished-at="2026-03-26T21:29:46 IST" duration-ms="3399" status="PASS">
          <params>
            <param index="0">
              <value>
                <![CDATA[Test]]>
              </value>
            </param>
            <param index="1">
              <value>
                <![CDATA[test123]]>
              </value>
            </param>
          </params>
          <reporter-output>
          </reporter-output>
        </test-method> <!-- loginTest -->
        <test-method signature="loginTest(java.lang.String,java.lang.String)[pri:0, instance:com.Tests.LoginTests@72057ecf]" started-at="2026-03-26T21:29:43 IST" name="loginTest" description="Login Test with multiple credentials from Excel" data-provider="excelData" finished-at="2026-03-26T21:29:48 IST" duration-ms="4363" status="PASS">
          <params>
            <param index="0">
              <value>
                <![CDATA[Admin]]>
              </value>
            </param>
            <param index="1">
              <value>
                <![CDATA[admin123]]>
              </value>
            </param>
          </params>
          <reporter-output>
          </reporter-output>
        </test-method> <!-- loginTest -->
        <test-method is-config="true" signature="close()[pri:0, instance:com.Tests.LoginTests@72057ecf]" started-at="2026-03-26T21:29:46 IST" name="close" finished-at="2026-03-26T21:29:46 IST" duration-ms="269" status="PASS">
          <reporter-output>
          </reporter-output>
        </test-method> <!-- close -->
        <test-method is-config="true" signature="close()[pri:0, instance:com.Tests.LoginTests@72057ecf]" started-at="2026-03-26T21:29:48 IST" name="close" finished-at="2026-03-26T21:29:48 IST" duration-ms="180" status="PASS">
          <reporter-output>
          </reporter-output>
        </test-method> <!-- close -->
        <test-method is-config="true" signature="setup()[pri:0, instance:com.Tests.LoginTests@72057ecf]" started-at="2026-03-26T21:29:48 IST" name="setup" finished-at="2026-03-26T21:29:56 IST" duration-ms="8260" status="PASS">
          <reporter-output>
          </reporter-output>
        </test-method> <!-- setup -->
        <test-method signature="verifyLoginPage()[pri:0, instance:com.Tests.LoginTests@72057ecf]" started-at="2026-03-26T21:29:56 IST" name="verifyLoginPage" description="verify Login Page Title" finished-at="2026-03-26T21:29:57 IST" duration-ms="742" status="PASS">
          <reporter-output>
          </reporter-output>
        </test-method> <!-- verifyLoginPage -->
        <test-method is-config="true" signature="close()[pri:0, instance:com.Tests.LoginTests@72057ecf]" started-at="2026-03-26T21:29:57 IST" name="close" finished-at="2026-03-26T21:29:57 IST" duration-ms="170" status="PASS">
          <reporter-output>
          </reporter-output>
        </test-method> <!-- close -->
      </class> <!-- com.Tests.LoginTests -->
      <class name="com.Tests.DashboardTests">
        <test-method is-config="true" signature="setup()[pri:0, instance:com.Tests.DashboardTests@636be97c]" started-at="2026-03-26T21:29:03 IST" name="setup" finished-at="2026-03-26T21:29:20 IST" duration-ms="16715" status="PASS">
          <reporter-output>
          </reporter-output>
        </test-method> <!-- setup -->
        <test-method is-config="true" signature="setup()[pri:0, instance:com.Tests.DashboardTests@636be97c]" started-at="2026-03-26T21:29:03 IST" name="setup" finished-at="2026-03-26T21:29:26 IST" duration-ms="23196" status="PASS">
          <reporter-output>
          </reporter-output>
        </test-method> <!-- setup -->
        <test-method signature="dashboardTest(java.lang.String,java.lang.String)[pri:0, instance:com.Tests.DashboardTests@636be97c]" started-at="2026-03-26T21:29:20 IST" name="dashboardTest" description="Verify Dashborad Page using Data Driven approach" data-provider="excelData" finished-at="2026-03-26T21:29:21 IST" duration-ms="1329" status="PASS">
          <params>
            <param index="0">
              <value>
                <![CDATA[Test]]>
              </value>
            </param>
            <param index="1">
              <value>
                <![CDATA[test123]]>
              </value>
            </param>
          </params>
          <reporter-output>
          </reporter-output>
        </test-method> <!-- dashboardTest -->
        <test-method is-config="true" signature="close()[pri:0, instance:com.Tests.DashboardTests@636be97c]" started-at="2026-03-26T21:29:21 IST" name="close" finished-at="2026-03-26T21:29:22 IST" duration-ms="252" status="PASS">
          <reporter-output>
          </reporter-output>
        </test-method> <!-- close -->
        <test-method signature="dashboardTest(java.lang.String,java.lang.String)[pri:0, instance:com.Tests.DashboardTests@636be97c]" started-at="2026-03-26T21:29:26 IST" name="dashboardTest" description="Verify Dashborad Page using Data Driven approach" data-provider="excelData" finished-at="2026-03-26T21:29:32 IST" duration-ms="5705" status="PASS">
          <params>
            <param index="0">
              <value>
                <![CDATA[Admin]]>
              </value>
            </param>
            <param index="1">
              <value>
                <![CDATA[admin123]]>
              </value>
            </param>
          </params>
          <reporter-output>
          </reporter-output>
        </test-method> <!-- dashboardTest -->
        <test-method is-config="true" signature="close()[pri:0, instance:com.Tests.DashboardTests@636be97c]" started-at="2026-03-26T21:29:32 IST" name="close" finished-at="2026-03-26T21:29:32 IST" duration-ms="228" status="PASS">
          <reporter-output>
          </reporter-output>
        </test-method> <!-- close -->
      </class> <!-- com.Tests.DashboardTests -->
    </test> <!-- Test -->
  </suite> <!-- Suite -->
</testng-results>
