<?xml version="1.0" encoding="UTF-8"?>
<!-- Generated by org.testng.reporters.JUnitReportReporter -->
<testsuite hostname="LAPTOP-G1063ECB" failures="0" tests="3" name="com.Tests.LoginTests" time="38.841" errors="0" timestamp="2026-03-26T21:29:57 IST" skipped="0">
  <testcase classname="com.Tests.LoginTests" name="loginTest" time="15.007"/>
  <testcase classname="com.Tests.LoginTests" name="loginTest" time="14.563"/>
  <testcase classname="com.Tests.LoginTests" name="verifyLoginPage" time="9.271"/>
</testsuite> <!-- com.Tests.LoginTests -->
